[2023-02-12 00:54:29,975] {manager.py:480} INFO - Processing files using up to 1 processes at a time 
[2023-02-12 00:54:29,975] {manager.py:481} INFO - Process each file at most once every 30 seconds
[2023-02-12 00:54:29,975] {manager.py:482} INFO - Checking for new files in /Users/mikeiasoliveira/Documents/Projetos/etl-crypto/dags every 300 seconds
[2023-02-12 00:54:29,975] {manager.py:690} INFO - Searching for files in /Users/mikeiasoliveira/Documents/Projetos/etl-crypto/dags
[2023-02-12 00:54:30,012] {manager.py:693} INFO - There are 1 files in /Users/mikeiasoliveira/Documents/Projetos/etl-crypto/dags
[2023-02-12 00:54:32,451] {manager.py:809} INFO - 
================================================================================
DAG File Processing Stats

File Path                                                               PID    Runtime      # DAGs    # Errors  Last Runtime    Last Run
----------------------------------------------------------------------  -----  ---------  --------  ----------  --------------  -------------------
/Users/mikeiasoliveira/Documents/Projetos/etl-crypto/dags/first_dag.py                           0           1  2.35s           2023-02-12T03:54:32
================================================================================
[2023-02-12 00:55:05,994] {manager.py:809} INFO - 
================================================================================
DAG File Processing Stats

File Path                                                               PID    Runtime      # DAGs    # Errors  Last Runtime    Last Run
----------------------------------------------------------------------  -----  ---------  --------  ----------  --------------  -------------------
/Users/mikeiasoliveira/Documents/Projetos/etl-crypto/dags/first_dag.py                           0           1  3.26s           2023-02-12T03:55:05
================================================================================
[2023-02-12 00:56:03,473] {manager.py:809} INFO - 
================================================================================
DAG File Processing Stats

File Path                                                               PID    Runtime      # DAGs    # Errors  Last Runtime    Last Run
----------------------------------------------------------------------  -----  ---------  --------  ----------  --------------  -------------------
/Users/mikeiasoliveira/Documents/Projetos/etl-crypto/dags/first_dag.py                           0           1  26.64s          2023-02-12T03:56:03
================================================================================
[2023-02-12 00:56:39,927] {manager.py:809} INFO - 
================================================================================
DAG File Processing Stats

File Path                                                               PID    Runtime      # DAGs    # Errors  Last Runtime    Last Run
----------------------------------------------------------------------  -----  ---------  --------  ----------  --------------  -------------------
/Users/mikeiasoliveira/Documents/Projetos/etl-crypto/dags/first_dag.py                           0           1  5.70s           2023-02-12T03:56:39
================================================================================
[2023-02-12 00:57:18,260] {manager.py:809} INFO - 
================================================================================
DAG File Processing Stats

File Path                                                               PID    Runtime      # DAGs    # Errors  Last Runtime    Last Run
----------------------------------------------------------------------  -----  ---------  --------  ----------  --------------  -------------------
/Users/mikeiasoliveira/Documents/Projetos/etl-crypto/dags/first_dag.py                           0           1  8.19s           2023-02-12T03:57:18
================================================================================
[2023-02-12 00:57:52,636] {manager.py:809} INFO - 
================================================================================
DAG File Processing Stats

File Path                                                               PID    Runtime      # DAGs    # Errors  Last Runtime    Last Run
----------------------------------------------------------------------  -----  ---------  --------  ----------  --------------  -------------------
/Users/mikeiasoliveira/Documents/Projetos/etl-crypto/dags/first_dag.py                           0           1  4.13s           2023-02-12T03:57:52
================================================================================
[2023-02-12 00:58:24,554] {manager.py:809} INFO - 
================================================================================
DAG File Processing Stats

File Path                                                               PID    Runtime      # DAGs    # Errors  Last Runtime    Last Run
----------------------------------------------------------------------  -----  ---------  --------  ----------  --------------  -------------------
/Users/mikeiasoliveira/Documents/Projetos/etl-crypto/dags/first_dag.py                           0           1  1.82s           2023-02-12T03:58:24
================================================================================
[2023-02-12 00:59:01,353] {manager.py:809} INFO - 
================================================================================
DAG File Processing Stats

File Path                                                               PID    Runtime      # DAGs    # Errors  Last Runtime    Last Run
----------------------------------------------------------------------  -----  ---------  --------  ----------  --------------  -------------------
/Users/mikeiasoliveira/Documents/Projetos/etl-crypto/dags/first_dag.py                           0           1  6.69s           2023-02-12T03:59:01
================================================================================
[2023-02-12 00:59:30,313] {manager.py:690} INFO - Searching for files in /Users/mikeiasoliveira/Documents/Projetos/etl-crypto/dags
[2023-02-12 00:59:31,974] {manager.py:693} INFO - There are 0 files in /Users/mikeiasoliveira/Documents/Projetos/etl-crypto/dags
[2023-02-12 01:01:19,584] {manager.py:462} INFO - Exiting gracefully upon receiving signal 15
[2023-02-12 01:01:41,685] {manager.py:480} INFO - Processing files using up to 1 processes at a time 
[2023-02-12 01:01:41,685] {manager.py:481} INFO - Process each file at most once every 30 seconds
[2023-02-12 01:01:41,686] {manager.py:482} INFO - Checking for new files in /Users/mikeiasoliveira/Documents/Projetos/etl-crypto/dags every 300 seconds
[2023-02-12 01:01:41,686] {manager.py:690} INFO - Searching for files in /Users/mikeiasoliveira/Documents/Projetos/etl-crypto/dags
[2023-02-12 01:01:41,713] {manager.py:693} INFO - There are 1 files in /Users/mikeiasoliveira/Documents/Projetos/etl-crypto/dags
[2023-02-12 01:01:44,192] {manager.py:809} INFO - 
================================================================================
DAG File Processing Stats

File Path                                                               PID    Runtime      # DAGs    # Errors  Last Runtime    Last Run
----------------------------------------------------------------------  -----  ---------  --------  ----------  --------------  -------------------
/Users/mikeiasoliveira/Documents/Projetos/etl-crypto/dags/first_dag.py                           0           1  2.39s           2023-02-12T04:01:44
================================================================================
[2023-02-12 01:02:52,024] {manager.py:809} INFO - 
================================================================================
DAG File Processing Stats

File Path                                                               PID    Runtime      # DAGs    # Errors  Last Runtime    Last Run
----------------------------------------------------------------------  -----  ---------  --------  ----------  --------------  -------------------
/Users/mikeiasoliveira/Documents/Projetos/etl-crypto/dags/first_dag.py                           0           1  37.16s          2023-02-12T04:02:52
================================================================================
[2023-02-12 01:03:38,159] {manager.py:809} INFO - 
================================================================================
DAG File Processing Stats

File Path                                                               PID    Runtime      # DAGs    # Errors  Last Runtime    Last Run
----------------------------------------------------------------------  -----  ---------  --------  ----------  --------------  -------------------
/Users/mikeiasoliveira/Documents/Projetos/etl-crypto/dags/first_dag.py                           0           1  15.80s          2023-02-12T04:03:38
================================================================================
[2023-02-12 01:04:12,053] {manager.py:809} INFO - 
================================================================================
DAG File Processing Stats

File Path                                                               PID    Runtime      # DAGs    # Errors  Last Runtime    Last Run
----------------------------------------------------------------------  -----  ---------  --------  ----------  --------------  -------------------
/Users/mikeiasoliveira/Documents/Projetos/etl-crypto/dags/first_dag.py                           0           1  3.79s           2023-02-12T04:04:12
================================================================================
[2023-02-12 01:04:59,874] {manager.py:809} INFO - 
================================================================================
DAG File Processing Stats

File Path                                                               PID    Runtime      # DAGs    # Errors  Last Runtime    Last Run
----------------------------------------------------------------------  -----  ---------  --------  ----------  --------------  -------------------
/Users/mikeiasoliveira/Documents/Projetos/etl-crypto/dags/first_dag.py                           1           0  17.62s          2023-02-12T04:04:59
================================================================================
[2023-02-12 01:05:31,716] {manager.py:809} INFO - 
================================================================================
DAG File Processing Stats

File Path                                                               PID    Runtime      # DAGs    # Errors  Last Runtime    Last Run
----------------------------------------------------------------------  -----  ---------  --------  ----------  --------------  -------------------
/Users/mikeiasoliveira/Documents/Projetos/etl-crypto/dags/first_dag.py                           1           0  1.72s           2023-02-12T04:05:31
================================================================================
[2023-02-12 01:06:03,374] {manager.py:809} INFO - 
================================================================================
DAG File Processing Stats

File Path                                                               PID    Runtime      # DAGs    # Errors  Last Runtime    Last Run
----------------------------------------------------------------------  -----  ---------  --------  ----------  --------------  -------------------
/Users/mikeiasoliveira/Documents/Projetos/etl-crypto/dags/first_dag.py                           1           0  1.60s           2023-02-12T04:06:03
================================================================================
[2023-02-12 01:06:42,442] {manager.py:809} INFO - 
================================================================================
DAG File Processing Stats

File Path                                                               PID    Runtime      # DAGs    # Errors  Last Runtime    Last Run
----------------------------------------------------------------------  -----  ---------  --------  ----------  --------------  -------------------
/Users/mikeiasoliveira/Documents/Projetos/etl-crypto/dags/first_dag.py                           1           0  8.98s           2023-02-12T04:06:42
================================================================================
[2023-02-12 01:06:43,876] {manager.py:690} INFO - Searching for files in /Users/mikeiasoliveira/Documents/Projetos/etl-crypto/dags
[2023-02-12 01:06:43,878] {manager.py:693} INFO - There are 1 files in /Users/mikeiasoliveira/Documents/Projetos/etl-crypto/dags
[2023-02-12 01:07:20,525] {manager.py:809} INFO - 
================================================================================
DAG File Processing Stats

File Path                                                               PID    Runtime      # DAGs    # Errors  Last Runtime    Last Run
----------------------------------------------------------------------  -----  ---------  --------  ----------  --------------  -------------------
/Users/mikeiasoliveira/Documents/Projetos/etl-crypto/dags/first_dag.py                           1           0  8.05s           2023-02-12T04:07:20
================================================================================
[2023-02-12 01:08:05,986] {manager.py:809} INFO - 
================================================================================
DAG File Processing Stats

File Path                                                               PID    Runtime      # DAGs    # Errors  Last Runtime    Last Run
----------------------------------------------------------------------  -----  ---------  --------  ----------  --------------  -------------------
/Users/mikeiasoliveira/Documents/Projetos/etl-crypto/dags/first_dag.py                           1           0  15.31s          2023-02-12T04:08:05
================================================================================
[2023-02-12 01:08:52,283] {manager.py:809} INFO - 
================================================================================
DAG File Processing Stats

File Path                                                               PID    Runtime      # DAGs    # Errors  Last Runtime    Last Run
----------------------------------------------------------------------  -----  ---------  --------  ----------  --------------  -------------------
/Users/mikeiasoliveira/Documents/Projetos/etl-crypto/dags/first_dag.py                           1           0  15.81s          2023-02-12T04:08:52
================================================================================
[2023-02-12 01:09:43,909] {manager.py:462} INFO - Exiting gracefully upon receiving signal 15
