[2023-02-12 02:22:00,704] {taskinstance.py:1159} INFO - Dependencies all met for <TaskInstance: dados_climaticos.extrai_dados manual__2023-02-12T05:21:51.353308+00:00 [queued]>
[2023-02-12 02:22:00,714] {taskinstance.py:1159} INFO - Dependencies all met for <TaskInstance: dados_climaticos.extrai_dados manual__2023-02-12T05:21:51.353308+00:00 [queued]>
[2023-02-12 02:22:00,715] {taskinstance.py:1356} INFO - 
--------------------------------------------------------------------------------
[2023-02-12 02:22:00,715] {taskinstance.py:1357} INFO - Starting attempt 1 of 1
[2023-02-12 02:22:00,715] {taskinstance.py:1358} INFO - 
--------------------------------------------------------------------------------
[2023-02-12 02:22:00,733] {taskinstance.py:1377} INFO - Executing <Task(PythonOperator): extrai_dados> on 2023-02-12 05:21:51.353308+00:00
[2023-02-12 02:22:00,738] {standard_task_runner.py:52} INFO - Started process 24390 to run task
[2023-02-12 02:22:00,748] {standard_task_runner.py:79} INFO - Running: ['airflow', 'tasks', 'run', 'dados_climaticos', 'extrai_dados', 'manual__2023-02-12T05:21:51.353308+00:00', '--job-id', '26', '--raw', '--subdir', 'DAGS_FOLDER/dados_climaticos.py', '--cfg-path', '/var/folders/tf/5c5cm4z11mvb4z72rkp1jvxw0000gn/T/tmpuqatwjk_', '--error-file', '/var/folders/tf/5c5cm4z11mvb4z72rkp1jvxw0000gn/T/tmpgxzmdm7y']
[2023-02-12 02:22:00,751] {standard_task_runner.py:80} INFO - Job 26: Subtask extrai_dados
[2023-02-12 02:22:00,820] {task_command.py:370} INFO - Running <TaskInstance: dados_climaticos.extrai_dados manual__2023-02-12T05:21:51.353308+00:00 [running]> on host 1.0.0.127.in-addr.arpa
[2023-02-12 02:22:00,892] {taskinstance.py:1569} INFO - Exporting the following env vars:
AIRFLOW_CTX_DAG_OWNER=airflow
AIRFLOW_CTX_DAG_ID=dados_climaticos
AIRFLOW_CTX_TASK_ID=extrai_dados
AIRFLOW_CTX_EXECUTION_DATE=2023-02-12T05:21:51.353308+00:00
AIRFLOW_CTX_TRY_NUMBER=1
AIRFLOW_CTX_DAG_RUN_ID=manual__2023-02-12T05:21:51.353308+00:00
[2023-02-12 02:22:01,851] {python.py:173} INFO - Done. Returned value was: None
[2023-02-12 02:22:01,861] {taskinstance.py:1395} INFO - Marking task as SUCCESS. dag_id=dados_climaticos, task_id=extrai_dados, execution_date=20230212T052151, start_date=20230212T052200, end_date=20230212T052201
[2023-02-12 02:22:01,919] {local_task_job.py:156} INFO - Task exited with return code 0
[2023-02-12 02:22:01,944] {local_task_job.py:273} INFO - 0 downstream tasks scheduled from follow-on schedule check
