[2023-02-12 02:06:03,499] {taskinstance.py:1159} INFO - Dependencies all met for <TaskInstance: dados_climaticos.criar_pasta manual__2023-02-12T05:05:59.936965+00:00 [queued]>
[2023-02-12 02:06:03,515] {taskinstance.py:1159} INFO - Dependencies all met for <TaskInstance: dados_climaticos.criar_pasta manual__2023-02-12T05:05:59.936965+00:00 [queued]>
[2023-02-12 02:06:03,515] {taskinstance.py:1356} INFO - 
--------------------------------------------------------------------------------
[2023-02-12 02:06:03,515] {taskinstance.py:1357} INFO - Starting attempt 1 of 1
[2023-02-12 02:06:03,515] {taskinstance.py:1358} INFO - 
--------------------------------------------------------------------------------
[2023-02-12 02:06:03,536] {taskinstance.py:1377} INFO - Executing <Task(BashOperator): criar_pasta> on 2023-02-12 05:05:59.936965+00:00
[2023-02-12 02:06:03,539] {standard_task_runner.py:52} INFO - Started process 23688 to run task
[2023-02-12 02:06:03,552] {standard_task_runner.py:79} INFO - Running: ['airflow', 'tasks', 'run', 'dados_climaticos', 'criar_pasta', 'manual__2023-02-12T05:05:59.936965+00:00', '--job-id', '11', '--raw', '--subdir', 'DAGS_FOLDER/dados_climaticos.py', '--cfg-path', '/var/folders/tf/5c5cm4z11mvb4z72rkp1jvxw0000gn/T/tmp76s6w6hu', '--error-file', '/var/folders/tf/5c5cm4z11mvb4z72rkp1jvxw0000gn/T/tmpdma9y962']
[2023-02-12 02:06:03,555] {standard_task_runner.py:80} INFO - Job 11: Subtask criar_pasta
[2023-02-12 02:06:03,618] {task_command.py:370} INFO - Running <TaskInstance: dados_climaticos.criar_pasta manual__2023-02-12T05:05:59.936965+00:00 [running]> on host 1.0.0.127.in-addr.arpa
[2023-02-12 02:06:03,720] {taskinstance.py:1569} INFO - Exporting the following env vars:
AIRFLOW_CTX_DAG_OWNER=airflow
AIRFLOW_CTX_DAG_ID=dados_climaticos
AIRFLOW_CTX_TASK_ID=criar_pasta
AIRFLOW_CTX_EXECUTION_DATE=2023-02-12T05:05:59.936965+00:00
AIRFLOW_CTX_TRY_NUMBER=1
AIRFLOW_CTX_DAG_RUN_ID=manual__2023-02-12T05:05:59.936965+00:00
[2023-02-12 02:06:03,722] {subprocess.py:62} INFO - Tmp dir root location: 
 /var/folders/tf/5c5cm4z11mvb4z72rkp1jvxw0000gn/T
[2023-02-12 02:06:03,723] {subprocess.py:74} INFO - Running command: ['bash', '-c', 'mkdir -p /Users/mikeiasoliveira/Documents/Projetos/etl-crypto/data/semana=Y%m-06']
[2023-02-12 02:06:03,731] {subprocess.py:85} INFO - Output:
[2023-02-12 02:06:03,809] {subprocess.py:96} INFO - Command exited with return code 0
[2023-02-12 02:06:03,837] {taskinstance.py:1395} INFO - Marking task as SUCCESS. dag_id=dados_climaticos, task_id=criar_pasta, execution_date=20230212T050559, start_date=20230212T050603, end_date=20230212T050603
[2023-02-12 02:06:03,902] {local_task_job.py:156} INFO - Task exited with return code 0
[2023-02-12 02:06:03,936] {local_task_job.py:273} INFO - 1 downstream tasks scheduled from follow-on schedule check
