[2023-02-12 01:05:26,580] {taskinstance.py:1159} INFO - Dependencies all met for <TaskInstance: primeiro_dag.cria_pasta scheduled__2023-02-11T00:00:00+00:00 [queued]>
[2023-02-12 01:05:26,594] {taskinstance.py:1159} INFO - Dependencies all met for <TaskInstance: primeiro_dag.cria_pasta scheduled__2023-02-11T00:00:00+00:00 [queued]>
[2023-02-12 01:05:26,594] {taskinstance.py:1356} INFO - 
--------------------------------------------------------------------------------
[2023-02-12 01:05:26,594] {taskinstance.py:1357} INFO - Starting attempt 1 of 1
[2023-02-12 01:05:26,594] {taskinstance.py:1358} INFO - 
--------------------------------------------------------------------------------
[2023-02-12 01:05:26,680] {taskinstance.py:1377} INFO - Executing <Task(BashOperator): cria_pasta> on 2023-02-11 00:00:00+00:00
[2023-02-12 01:05:26,685] {standard_task_runner.py:52} INFO - Started process 20616 to run task
[2023-02-12 01:05:26,697] {standard_task_runner.py:79} INFO - Running: ['airflow', 'tasks', 'run', 'primeiro_dag', 'cria_pasta', 'scheduled__2023-02-11T00:00:00+00:00', '--job-id', '5', '--raw', '--subdir', 'DAGS_FOLDER/first_dag.py', '--cfg-path', '/var/folders/tf/5c5cm4z11mvb4z72rkp1jvxw0000gn/T/tmpro3t_13c', '--error-file', '/var/folders/tf/5c5cm4z11mvb4z72rkp1jvxw0000gn/T/tmp4ymw6a3n']
[2023-02-12 01:05:26,705] {standard_task_runner.py:80} INFO - Job 5: Subtask cria_pasta
[2023-02-12 01:05:26,789] {task_command.py:370} INFO - Running <TaskInstance: primeiro_dag.cria_pasta scheduled__2023-02-11T00:00:00+00:00 [running]> on host 1.0.0.127.in-addr.arpa
[2023-02-12 01:05:26,876] {taskinstance.py:1569} INFO - Exporting the following env vars:
AIRFLOW_CTX_DAG_OWNER=airflow
AIRFLOW_CTX_DAG_ID=primeiro_dag
AIRFLOW_CTX_TASK_ID=cria_pasta
AIRFLOW_CTX_EXECUTION_DATE=2023-02-11T00:00:00+00:00
AIRFLOW_CTX_TRY_NUMBER=1
AIRFLOW_CTX_DAG_RUN_ID=scheduled__2023-02-11T00:00:00+00:00
[2023-02-12 01:05:26,878] {subprocess.py:62} INFO - Tmp dir root location: 
 /var/folders/tf/5c5cm4z11mvb4z72rkp1jvxw0000gn/T
[2023-02-12 01:05:26,880] {subprocess.py:74} INFO - Running command: ['bash', '-c', 'mkdir -p /Users/mikeiasoliveira/Documents/Projetos/etl-crypto/data/pasta_test']
[2023-02-12 01:05:26,956] {subprocess.py:85} INFO - Output:
[2023-02-12 01:05:27,385] {subprocess.py:96} INFO - Command exited with return code 0
[2023-02-12 01:05:27,474] {taskinstance.py:1395} INFO - Marking task as SUCCESS. dag_id=primeiro_dag, task_id=cria_pasta, execution_date=20230211T000000, start_date=20230212T040526, end_date=20230212T040527
[2023-02-12 01:05:27,519] {local_task_job.py:156} INFO - Task exited with return code 0
[2023-02-12 01:05:27,543] {local_task_job.py:273} INFO - 0 downstream tasks scheduled from follow-on schedule check
