[2023-02-12 01:12:27,664] {processor.py:153} INFO - Started process (PID=20930) to work on /Users/mikeiasoliveira/Documents/Projetos/etl-crypto/dags/first_dag.py
[2023-02-12 01:12:27,665] {processor.py:641} INFO - Processing file /Users/mikeiasoliveira/Documents/Projetos/etl-crypto/dags/first_dag.py for tasks to queue
[2023-02-12 01:12:27,665] {logging_mixin.py:115} INFO - [2023-02-12 01:12:27,665] {dagbag.py:507} INFO - Filling up the DagBag from /Users/mikeiasoliveira/Documents/Projetos/etl-crypto/dags/first_dag.py
[2023-02-12 01:12:27,717] {processor.py:651} INFO - DAG(s) dict_keys(['primeiro_dag']) retrieved from /Users/mikeiasoliveira/Documents/Projetos/etl-crypto/dags/first_dag.py
[2023-02-12 01:12:30,956] {logging_mixin.py:115} INFO - [2023-02-12 01:12:30,955] {manager.py:508} INFO - Created Permission View: can read on DAG:primeiro_dag
[2023-02-12 01:12:30,971] {logging_mixin.py:115} INFO - [2023-02-12 01:12:30,971] {manager.py:508} INFO - Created Permission View: can delete on DAG:primeiro_dag
[2023-02-12 01:12:31,003] {logging_mixin.py:115} INFO - [2023-02-12 01:12:31,003] {manager.py:508} INFO - Created Permission View: can edit on DAG:primeiro_dag
[2023-02-12 01:12:31,004] {logging_mixin.py:115} INFO - [2023-02-12 01:12:31,003] {dag.py:2379} INFO - Sync 1 DAGs
[2023-02-12 01:12:31,021] {logging_mixin.py:115} INFO - [2023-02-12 01:12:31,021] {dag.py:2398} INFO - Creating ORM DAG for primeiro_dag
[2023-02-12 01:12:31,044] {logging_mixin.py:115} INFO - [2023-02-12 01:12:31,044] {dag.py:2927} INFO - Setting next_dagrun for primeiro_dag to 2023-02-11T00:00:00+00:00, run_after=2023-02-12T00:00:00+00:00
[2023-02-12 01:12:31,085] {processor.py:161} INFO - Processing /Users/mikeiasoliveira/Documents/Projetos/etl-crypto/dags/first_dag.py took 3.422 seconds
[2023-02-12 01:15:12,292] {processor.py:153} INFO - Started process (PID=21114) to work on /Users/mikeiasoliveira/Documents/Projetos/etl-crypto/dags/first_dag.py
[2023-02-12 01:15:12,317] {processor.py:641} INFO - Processing file /Users/mikeiasoliveira/Documents/Projetos/etl-crypto/dags/first_dag.py for tasks to queue
[2023-02-12 01:15:12,318] {logging_mixin.py:115} INFO - [2023-02-12 01:15:12,318] {dagbag.py:507} INFO - Filling up the DagBag from /Users/mikeiasoliveira/Documents/Projetos/etl-crypto/dags/first_dag.py
[2023-02-12 01:15:12,354] {processor.py:651} INFO - DAG(s) dict_keys(['primeiro_dag']) retrieved from /Users/mikeiasoliveira/Documents/Projetos/etl-crypto/dags/first_dag.py
[2023-02-12 01:15:12,474] {logging_mixin.py:115} INFO - [2023-02-12 01:15:12,474] {dag.py:2379} INFO - Sync 1 DAGs
[2023-02-12 01:15:12,497] {logging_mixin.py:115} INFO - [2023-02-12 01:15:12,496] {dag.py:2927} INFO - Setting next_dagrun for primeiro_dag to 2023-02-11T00:00:00+00:00, run_after=2023-02-12T00:00:00+00:00
[2023-02-12 01:15:12,524] {processor.py:161} INFO - Processing /Users/mikeiasoliveira/Documents/Projetos/etl-crypto/dags/first_dag.py took 0.238 seconds
[2023-02-12 01:15:49,164] {processor.py:153} INFO - Started process (PID=21137) to work on /Users/mikeiasoliveira/Documents/Projetos/etl-crypto/dags/first_dag.py
[2023-02-12 01:15:49,189] {processor.py:641} INFO - Processing file /Users/mikeiasoliveira/Documents/Projetos/etl-crypto/dags/first_dag.py for tasks to queue
[2023-02-12 01:15:49,190] {logging_mixin.py:115} INFO - [2023-02-12 01:15:49,190] {dagbag.py:507} INFO - Filling up the DagBag from /Users/mikeiasoliveira/Documents/Projetos/etl-crypto/dags/first_dag.py
[2023-02-12 01:15:49,294] {processor.py:651} INFO - DAG(s) dict_keys(['primeiro_dag']) retrieved from /Users/mikeiasoliveira/Documents/Projetos/etl-crypto/dags/first_dag.py
[2023-02-12 01:15:49,475] {logging_mixin.py:115} INFO - [2023-02-12 01:15:49,474] {dag.py:2379} INFO - Sync 1 DAGs
[2023-02-12 01:15:49,499] {logging_mixin.py:115} INFO - [2023-02-12 01:15:49,499] {dag.py:2927} INFO - Setting next_dagrun for primeiro_dag to 2023-02-11T00:00:00+00:00, run_after=2023-02-12T00:00:00+00:00
[2023-02-12 01:15:49,555] {processor.py:161} INFO - Processing /Users/mikeiasoliveira/Documents/Projetos/etl-crypto/dags/first_dag.py took 0.392 seconds
